<?xml version="1.0" encoding="UTF-8"?>
<!-- Generated by org.testng.reporters.JUnitXMLReporter -->
<testsuite ignored="0" hostname="DESKTOP-EOQIR34" failures="1" tests="1" name="StudentCourseReportTest" time="103.717" errors="0" timestamp="2026-06-30T16:30:45 IST">
  <testcase classname="com.student.StudentCourseReport" name="courseReportFlow" time="93.194">
    <failure type="java.lang.Exception" message="Could not find row &amp;apos;...&amp;apos; menu trigger">
      <![CDATA[java.lang.Exception: Could not find row '...' menu trigger
at com.student.StudentCourseReport.openRowMenuAndSelect(StudentCourseReport.java:218)
at com.student.StudentCourseReport.courseReportFlow(StudentCourseReport.java:162)
at java.base/java.util.ArrayList.forEach(ArrayList.java:1604)
... Removed 29 stack frames]]>
    </failure>
  </testcase> <!-- courseReportFlow -->
</testsuite> <!-- StudentCourseReportTest -->
