<?xml version="1.0" encoding="UTF-8"?>
<testng-results ignored="0" total="1" passed="1" failed="0" skipped="0">
  <reporter-output>
  </reporter-output>
  <suite started-at="2026-07-01T14:10:47 IST" name="CampusHubSuite" finished-at="2026-07-01T14:11:25 IST" duration-ms="37911">
    <groups>
    </groups>
    <test started-at="2026-07-01T14:10:47 IST" name="allreport" finished-at="2026-07-01T14:11:25 IST" duration-ms="37911">
      <class name="com.student.allreport">
        <test-method is-config="true" signature="setup()[pri:0, instance:com.student.allreport@4facf68f]" started-at="2026-07-01T14:10:47 IST" name="setup" finished-at="2026-07-01T14:10:50 IST" duration-ms="2918" status="PASS">
          <reporter-output>
          </reporter-output>
        </test-method> <!-- setup -->
        <test-method signature="studentDetailsReportFlow()[pri:0, instance:com.student.allreport@4facf68f]" started-at="2026-07-01T14:10:50 IST" name="studentDetailsReportFlow" finished-at="2026-07-01T14:11:24 IST" duration-ms="34306" status="PASS">
          <reporter-output>
          </reporter-output>
        </test-method> <!-- studentDetailsReportFlow -->
        <test-method is-config="true" signature="closeBrowser()[pri:0, instance:com.student.allreport@4facf68f]" started-at="2026-07-01T14:11:24 IST" name="closeBrowser" finished-at="2026-07-01T14:11:25 IST" duration-ms="598" status="PASS">
          <reporter-output>
          </reporter-output>
        </test-method> <!-- closeBrowser -->
      </class> <!-- com.student.allreport -->
    </test> <!-- allreport -->
  </suite> <!-- CampusHubSuite -->
</testng-results>
